<?xml version="1.0" encoding="UTF-8" ?>
<testsuites>
  <testsuite errors="0" failures="0" hostname="jenkins" id="0" name="EventCategoryControllerSpec" package="grails.clickstart" tests="4" time="3.095" timestamp="2014-03-05T04:37:58">
      <properties />

      <testcase classname="grails.clickstart.EventCategoryControllerSpec" name="Test the index action returns the correct model" time="2.354" />

      <testcase classname="grails.clickstart.EventCategoryControllerSpec" name="Test the create action returns the correct model" time="0.189" />

      <testcase classname="grails.clickstart.EventCategoryControllerSpec" name="Test that the show action returns the correct model" time="0.169" />

      <testcase classname="grails.clickstart.EventCategoryControllerSpec" name="Test that the edit action returns the correct model" time="0.174" />

      <system-out><![CDATA[--Output from Test the index action returns the correct model--
--Output from Test the create action returns the correct model--
--Output from Test that the show action returns the correct model--
--Output from Test that the edit action returns the correct model--
]]></system-out>

      <system-err><![CDATA[--Output from Test the index action returns the correct model--
--Output from Test the create action returns the correct model--
--Output from Test that the show action returns the correct model--
--Output from Test that the edit action returns the correct model--
]]></system-err>

  </testsuite>
  <testsuite errors="0" failures="0" hostname="jenkins" id="1" name="EventCategoryTests" package="grails.clickstart" tests="1" time="0.617" timestamp="2014-03-05T04:37:56">
      <properties />

      <testcase classname="grails.clickstart.EventCategoryTests" name="testToString" time="0.616" />

      <system-out><![CDATA[--Output from testToString--
]]></system-out>

      <system-err><![CDATA[--Output from testToString--
]]></system-err>

  </testsuite>
  <testsuite errors="0" failures="0" hostname="jenkins" id="2" name="EventCommentControllerSpec" package="grails.clickstart" tests="4" time="0.623" timestamp="2014-03-05T04:38:02">
      <properties />

      <testcase classname="grails.clickstart.EventCommentControllerSpec" name="Test the index action returns the correct model" time="0.261" />

      <testcase classname="grails.clickstart.EventCommentControllerSpec" name="Test the create action returns the correct model" time="0.068" />

      <testcase classname="grails.clickstart.EventCommentControllerSpec" name="Test that the show action returns the correct model" time="0.065" />

      <testcase classname="grails.clickstart.EventCommentControllerSpec" name="Test that the edit action returns the correct model" time="0.067" />

      <system-out><![CDATA[--Output from Test the index action returns the correct model--
--Output from Test the create action returns the correct model--
--Output from Test that the show action returns the correct model--
--Output from Test that the edit action returns the correct model--
]]></system-out>

      <system-err><![CDATA[--Output from Test the index action returns the correct model--
--Output from Test the create action returns the correct model--
--Output from Test that the show action returns the correct model--
--Output from Test that the edit action returns the correct model--
]]></system-err>

  </testsuite>
  <testsuite errors="0" failures="0" hostname="jenkins" id="3" name="EventCommentTests" package="grails.clickstart" tests="1" time="0.104" timestamp="2014-03-05T04:37:57">
      <properties />

      <testcase classname="grails.clickstart.EventCommentTests" name="testToString" time="0.104" />

      <system-out><![CDATA[--Output from testToString--
]]></system-out>

      <system-err><![CDATA[--Output from testToString--
]]></system-err>

  </testsuite>
  <testsuite errors="0" failures="0" hostname="jenkins" id="4" name="EventControllerSpec" package="grails.clickstart" tests="4" time="0.504" timestamp="2014-03-05T04:38:02">
      <properties />

      <testcase classname="grails.clickstart.EventControllerSpec" name="Test the index action returns the correct model" time="0.29" />

      <testcase classname="grails.clickstart.EventControllerSpec" name="Test the create action returns the correct model" time="0.068" />

      <testcase classname="grails.clickstart.EventControllerSpec" name="Test that the show action returns the correct model" time="0.066" />

      <testcase classname="grails.clickstart.EventControllerSpec" name="Test that the edit action returns the correct model" time="0.076" />

      <system-out><![CDATA[--Output from Test the index action returns the correct model--
--Output from Test the create action returns the correct model--
--Output from Test that the show action returns the correct model--
--Output from Test that the edit action returns the correct model--
]]></system-out>

      <system-err><![CDATA[--Output from Test the index action returns the correct model--
--Output from Test the create action returns the correct model--
--Output from Test that the show action returns the correct model--
--Output from Test that the edit action returns the correct model--
]]></system-err>

  </testsuite>
  <testsuite errors="0" failures="0" hostname="jenkins" id="5" name="EventTests" package="grails.clickstart" tests="1" time="0.028" timestamp="2014-03-05T04:37:57">
      <properties />

      <testcase classname="grails.clickstart.EventTests" name="testToString" time="0.027" />

      <system-out><![CDATA[--Output from testToString--
]]></system-out>

      <system-err><![CDATA[--Output from testToString--
]]></system-err>

  </testsuite>
  <testsuite errors="0" failures="0" hostname="jenkins" id="6" name="EventTypeControllerSpec" package="grails.clickstart" tests="4" time="0.726" timestamp="2014-03-05T04:38:01">
      <properties />

      <testcase classname="grails.clickstart.EventTypeControllerSpec" name="Test the index action returns the correct model" time="0.333" />

      <testcase classname="grails.clickstart.EventTypeControllerSpec" name="Test the create action returns the correct model" time="0.074" />

      <testcase classname="grails.clickstart.EventTypeControllerSpec" name="Test that the show action returns the correct model" time="0.072" />

      <testcase classname="grails.clickstart.EventTypeControllerSpec" name="Test that the edit action returns the correct model" time="0.07" />

      <system-out><![CDATA[--Output from Test the index action returns the correct model--
--Output from Test the create action returns the correct model--
--Output from Test that the show action returns the correct model--
--Output from Test that the edit action returns the correct model--
]]></system-out>

      <system-err><![CDATA[--Output from Test the index action returns the correct model--
--Output from Test the create action returns the correct model--
--Output from Test that the show action returns the correct model--
--Output from Test that the edit action returns the correct model--
]]></system-err>

  </testsuite>
  <testsuite errors="0" failures="0" hostname="jenkins" id="7" name="EventTypeTests" package="grails.clickstart" tests="1" time="1.148" timestamp="2014-03-05T04:37:57">
      <properties />

      <testcase classname="grails.clickstart.EventTypeTests" name="testToString" time="0.024" />

      <system-out><![CDATA[--Output from testToString--
]]></system-out>

      <system-err><![CDATA[--Output from testToString--
]]></system-err>

  </testsuite>
</testsuites>
